mode: set
sso/app/http/controllers/api/admin/permissioncontroller/permissioncontroller.go:41.66,43.2 1 1
sso/app/http/controllers/api/admin/permissioncontroller/permissioncontroller.go:45.54,50.50 2 0
sso/app/http/controllers/api/admin/permissioncontroller/permissioncontroller.go:54.2,57.25 3 0
sso/app/http/controllers/api/admin/permissioncontroller/permissioncontroller.go:61.2,61.21 1 0
sso/app/http/controllers/api/admin/permissioncontroller/permissioncontroller.go:65.2,65.37 1 0
sso/app/http/controllers/api/admin/permissioncontroller/permissioncontroller.go:76.2,77.22 2 0
sso/app/http/controllers/api/admin/permissioncontroller/permissioncontroller.go:80.2,80.25 1 0
sso/app/http/controllers/api/admin/permissioncontroller/permissioncontroller.go:84.2,90.39 3 0
sso/app/http/controllers/api/admin/permissioncontroller/permissioncontroller.go:103.2,103.119 1 0
sso/app/http/controllers/api/admin/permissioncontroller/permissioncontroller.go:50.50,53.3 2 0
sso/app/http/controllers/api/admin/permissioncontroller/permissioncontroller.go:57.25,59.3 1 0
sso/app/http/controllers/api/admin/permissioncontroller/permissioncontroller.go:61.21,63.3 1 0
sso/app/http/controllers/api/admin/permissioncontroller/permissioncontroller.go:66.13,67.21 1 0
sso/app/http/controllers/api/admin/permissioncontroller/permissioncontroller.go:68.10,69.14 1 0
sso/app/http/controllers/api/admin/permissioncontroller/permissioncontroller.go:70.14,71.14 1 0
sso/app/http/controllers/api/admin/permissioncontroller/permissioncontroller.go:72.10,73.22 1 0
sso/app/http/controllers/api/admin/permissioncontroller/permissioncontroller.go:77.22,79.3 1 0
sso/app/http/controllers/api/admin/permissioncontroller/permissioncontroller.go:80.25,82.3 1 0
sso/app/http/controllers/api/admin/permissioncontroller/permissioncontroller.go:90.39,92.3 1 0
sso/app/http/controllers/api/admin/permissioncontroller/permissioncontroller.go:92.8,94.23 2 0
sso/app/http/controllers/api/admin/permissioncontroller/permissioncontroller.go:97.3,97.26 1 0
sso/app/http/controllers/api/admin/permissioncontroller/permissioncontroller.go:100.3,100.27 1 0
sso/app/http/controllers/api/admin/permissioncontroller/permissioncontroller.go:94.23,96.4 1 0
sso/app/http/controllers/api/admin/permissioncontroller/permissioncontroller.go:97.26,99.4 1 0
sso/app/http/controllers/api/admin/permissioncontroller/permissioncontroller.go:106.54,108.45 2 1
sso/app/http/controllers/api/admin/permissioncontroller/permissioncontroller.go:114.2,115.23 2 1
sso/app/http/controllers/api/admin/permissioncontroller/permissioncontroller.go:126.2,130.57 2 1
sso/app/http/controllers/api/admin/permissioncontroller/permissioncontroller.go:134.2,134.47 1 1
sso/app/http/controllers/api/admin/permissioncontroller/permissioncontroller.go:108.45,112.3 3 0
sso/app/http/controllers/api/admin/permissioncontroller/permissioncontroller.go:115.23,124.3 3 0
sso/app/http/controllers/api/admin/permissioncontroller/permissioncontroller.go:130.57,132.3 1 0
sso/app/http/controllers/api/admin/permissioncontroller/permissioncontroller.go:137.53,139.16 2 0
sso/app/http/controllers/api/admin/permissioncontroller/permissioncontroller.go:144.2,145.14 2 0
sso/app/http/controllers/api/admin/permissioncontroller/permissioncontroller.go:150.2,150.31 1 0
sso/app/http/controllers/api/admin/permissioncontroller/permissioncontroller.go:139.16,142.3 2 0
sso/app/http/controllers/api/admin/permissioncontroller/permissioncontroller.go:145.14,148.3 2 0
sso/app/http/controllers/api/admin/permissioncontroller/permissioncontroller.go:153.55,156.16 3 0
sso/app/http/controllers/api/admin/permissioncontroller/permissioncontroller.go:160.2,160.45 1 0
sso/app/http/controllers/api/admin/permissioncontroller/permissioncontroller.go:165.2,166.23 2 0
sso/app/http/controllers/api/admin/permissioncontroller/permissioncontroller.go:170.2,171.63 2 0
sso/app/http/controllers/api/admin/permissioncontroller/permissioncontroller.go:182.2,183.20 2 0
sso/app/http/controllers/api/admin/permissioncontroller/permissioncontroller.go:186.2,186.53 1 0
sso/app/http/controllers/api/admin/permissioncontroller/permissioncontroller.go:156.16,159.3 2 0
sso/app/http/controllers/api/admin/permissioncontroller/permissioncontroller.go:160.45,164.3 3 0
sso/app/http/controllers/api/admin/permissioncontroller/permissioncontroller.go:166.23,169.3 2 0
sso/app/http/controllers/api/admin/permissioncontroller/permissioncontroller.go:171.63,180.3 3 0
sso/app/http/controllers/api/admin/permissioncontroller/permissioncontroller.go:183.20,185.3 1 0
sso/app/http/controllers/api/admin/permissioncontroller/permissioncontroller.go:189.56,191.16 2 0
sso/app/http/controllers/api/admin/permissioncontroller/permissioncontroller.go:196.2,197.14 2 0
sso/app/http/controllers/api/admin/permissioncontroller/permissioncontroller.go:202.2,202.46 1 0
sso/app/http/controllers/api/admin/permissioncontroller/permissioncontroller.go:213.2,213.18 1 0
sso/app/http/controllers/api/admin/permissioncontroller/permissioncontroller.go:191.16,194.3 2 0
sso/app/http/controllers/api/admin/permissioncontroller/permissioncontroller.go:197.14,200.3 2 0
sso/app/http/controllers/api/admin/permissioncontroller/permissioncontroller.go:202.46,203.32 1 0
sso/app/http/controllers/api/admin/permissioncontroller/permissioncontroller.go:206.3,206.72 1 0
sso/app/http/controllers/api/admin/permissioncontroller/permissioncontroller.go:210.3,210.13 1 0
sso/app/http/controllers/api/admin/permissioncontroller/permissioncontroller.go:203.32,205.4 1 0
sso/app/http/controllers/api/admin/permissioncontroller/permissioncontroller.go:206.72,208.4 1 0
sso/app/http/controllers/api/admin/permissioncontroller/permissioncontroller.go:216.60,228.41 5 0
sso/app/http/controllers/api/admin/permissioncontroller/permissioncontroller.go:244.2,244.36 1 0
sso/app/http/controllers/api/admin/permissioncontroller/permissioncontroller.go:228.41,229.50 1 0
sso/app/http/controllers/api/admin/permissioncontroller/permissioncontroller.go:229.50,234.4 1 0
sso/app/http/controllers/api/admin/permissioncontroller/permissioncontroller.go:234.9,240.4 1 0
sso/app/http/controllers/api/admin/permissioncontroller/permissioncontroller.go:247.70,249.120 2 0
sso/app/http/controllers/api/admin/permissioncontroller/permissioncontroller.go:253.2,254.28 2 0
sso/app/http/controllers/api/admin/permissioncontroller/permissioncontroller.go:258.2,258.35 1 0
sso/app/http/controllers/api/admin/permissioncontroller/permissioncontroller.go:249.120,251.3 1 0
sso/app/http/controllers/api/admin/permissioncontroller/permissioncontroller.go:254.28,256.3 1 0
sso/app/http/controllers/api/admin/authcontroller/authcontroller.go:19.40,21.2 1 1
sso/app/http/controllers/api/admin/authcontroller/authcontroller.go:33.53,36.51 2 1
sso/app/http/controllers/api/admin/authcontroller/authcontroller.go:42.2,43.27 2 1
sso/app/http/controllers/api/admin/authcontroller/authcontroller.go:47.2,47.17 1 1
sso/app/http/controllers/api/admin/authcontroller/authcontroller.go:52.2,52.105 1 1
sso/app/http/controllers/api/admin/authcontroller/authcontroller.go:57.2,60.16 3 1
sso/app/http/controllers/api/admin/authcontroller/authcontroller.go:65.2,68.5 1 1
sso/app/http/controllers/api/admin/authcontroller/authcontroller.go:36.51,40.3 2 0
sso/app/http/controllers/api/admin/authcontroller/authcontroller.go:43.27,45.3 1 1
sso/app/http/controllers/api/admin/authcontroller/authcontroller.go:47.17,50.3 2 1
sso/app/http/controllers/api/admin/authcontroller/authcontroller.go:52.105,55.3 2 0
sso/app/http/controllers/api/admin/authcontroller/authcontroller.go:60.16,63.3 2 0
sso/app/http/controllers/api/admin/authcontroller/authcontroller.go:71.52,75.2 2 1
sso/app/http/controllers/api/admin/authcontroller/authcontroller.go:78.50,81.88 3 1
sso/app/http/controllers/api/admin/authcontroller/authcontroller.go:86.2,86.34 1 1
sso/app/http/controllers/api/admin/authcontroller/authcontroller.go:81.88,84.3 2 0
